2025-01-19 21:28:32 [INFO] Starting price monitoring for TRUMP-TOKEN...
2025-01-19 21:28:32 [INFO] Alert types enabled: sound
2025-01-19 21:28:32 [INFO] Monitoring condition: Price below $64.0
2025-01-19 21:28:32 [INFO] Monitoring condition: Price above $80.0
2025-01-19 21:28:32 [INFO] Monitoring condition: Price above $100.0
2025-01-19 21:28:33 [ERROR] Coin ID 'trump-token' not found in API response.
2025-01-19 21:28:42 [INFO] Shutting down gracefully...
2025-01-19 21:28:46 [INFO] Shutting down gracefully...
2025-01-19 21:28:46 [INFO] Shutting down gracefully...
2025-01-19 21:29:15 [INFO] Shutting down gracefully...
2025-01-19 21:29:15 [INFO] Shutting down gracefully...
2025-01-19 21:29:17 [INFO] Shutting down gracefully...
2025-01-19 21:29:17 [INFO] Shutting down gracefully...
2025-01-19 21:29:17 [INFO] Shutting down gracefully...
2025-01-19 21:29:17 [INFO] Shutting down gracefully...
2025-01-19 21:29:33 [INFO] Monitoring stopped.
2025-01-19 21:29:45 [INFO] Starting price monitoring for TRUMP...
2025-01-19 21:29:45 [INFO] Alert types enabled: sound
2025-01-19 21:29:45 [INFO] Monitoring condition: Price below $64.0
2025-01-19 21:29:45 [INFO] Monitoring condition: Price above $80.0
2025-01-19 21:29:45 [INFO] Monitoring condition: Price above $100.0
2025-01-19 21:29:46 [ERROR] Coin ID 'trump' not found in API response.
2025-01-19 21:30:17 [INFO] Shutting down gracefully...
2025-01-19 21:30:46 [INFO] Monitoring stopped.
2025-01-19 21:30:54 [INFO] Starting price monitoring for TRUMPCOIN...
2025-01-19 21:30:54 [INFO] Alert types enabled: sound
2025-01-19 21:30:54 [INFO] Monitoring condition: Price below $64.0
2025-01-19 21:30:54 [INFO] Monitoring condition: Price above $80.0
2025-01-19 21:30:54 [INFO] Monitoring condition: Price above $100.0
2025-01-19 21:30:55 [INFO] Current TRUMPCOIN price: $0.00054726 | 24h Change: 34.15565484200906%
2025-01-19 21:30:55 [INFO] Alert condition met: Price below $64.0
2025-01-19 21:30:58 [INFO] Sound alert played successfully!
2025-01-19 21:31:58 [INFO] Current TRUMPCOIN price: $0.00054726 | 24h Change: 34.15565484200906%
2025-01-19 21:32:58 [INFO] Current TRUMPCOIN price: $0.00054726 | 24h Change: 34.15565484200906%
2025-01-19 21:33:58 [INFO] Current TRUMPCOIN price: $0.00054726 | 24h Change: 34.15565484200906%
2025-01-19 21:34:58 [INFO] Current TRUMPCOIN price: $0.00054726 | 24h Change: 34.15565484200906%
2025-01-19 21:35:59 [INFO] Current TRUMPCOIN price: $0.00054385 | 24h Change: 34.6711172551769%
2025-01-19 21:35:59 [INFO] Alert condition met: Price below $64.0
2025-01-19 21:36:01 [INFO] Sound alert played successfully!
2025-01-19 21:37:01 [INFO] Current TRUMPCOIN price: $0.00054385 | 24h Change: 34.6711172551769%
2025-01-19 21:37:21 [INFO] Shutting down gracefully...
2025-01-19 21:38:01 [INFO] Monitoring stopped.
2025-01-19 21:43:17 [INFO] Starting price monitoring for OFFICIAL-TRUMP...
2025-01-19 21:43:17 [INFO] Alert types enabled: sound, email
2025-01-19 21:43:17 [INFO] Monitoring condition: Price below $64.0
2025-01-19 21:43:17 [INFO] Monitoring condition: Price above $80.0
2025-01-19 21:43:17 [INFO] Monitoring condition: Price above $100.0
2025-01-19 21:43:17 [INFO] Current OFFICIAL-TRUMP price: $67.88000000 | 24h Change: 187.4411297237364%
2025-01-19 21:44:18 [INFO] Current OFFICIAL-TRUMP price: $67.88000000 | 24h Change: 187.4411297237364%
2025-01-19 21:45:03 [INFO] Shutting down gracefully...
2025-01-19 21:45:18 [INFO] Monitoring stopped.
